<?xml version="1.0" encoding="UTF-8"?>
<testng-results ignored="0" total="1" passed="1" failed="0" skipped="0">
  <reporter-output>
  </reporter-output>
  <suite started-at="2025-05-17T14:00:29 IST" name="Default suite" finished-at="2025-05-17T14:00:36 IST" duration-ms="6798">
    <groups>
    </groups>
    <test started-at="2025-05-17T14:00:29 IST" name="Default test" finished-at="2025-05-17T14:00:36 IST" duration-ms="6798">
      <class name="Pages.Random">
        <test-method is-config="true" signature="start()[pri:0, instance:Pages.Random@6f204a1a]" started-at="2025-05-17T14:00:29 IST" name="start" finished-at="2025-05-17T14:00:34 IST" duration-ms="4608" status="PASS">
          <reporter-output>
          </reporter-output>
        </test-method> <!-- start -->
        <test-method signature="testCart()[pri:0, instance:Pages.Random@6f204a1a]" started-at="2025-05-17T14:00:34 IST" name="testCart" finished-at="2025-05-17T14:00:36 IST" duration-ms="1787" status="PASS">
          <reporter-output>
          </reporter-output>
        </test-method> <!-- testCart -->
        <test-method is-config="true" signature="end()[pri:0, instance:Pages.Random@6f204a1a]" started-at="2025-05-17T14:00:36 IST" name="end" finished-at="2025-05-17T14:00:36 IST" duration-ms="327" status="PASS">
          <reporter-output>
          </reporter-output>
        </test-method> <!-- end -->
      </class> <!-- Pages.Random -->
    </test> <!-- Default test -->
  </suite> <!-- Default suite -->
</testng-results>
