<?xml version="1.0" encoding="UTF-8"?>
<testng-results ignored="0" total="1" passed="1" failed="0" skipped="0">
  <reporter-output>
  </reporter-output>
  <suite started-at="2025-05-17T14:04:13 IST" name="Default suite" finished-at="2025-05-17T14:04:15 IST" duration-ms="1647">
    <groups>
    </groups>
    <test started-at="2025-05-17T14:04:13 IST" name="Default test" finished-at="2025-05-17T14:04:15 IST" duration-ms="1647">
      <class name="transport_schedule_id.Get">
        <test-method signature="validateGetBusDetailsResponse()[pri:0, instance:transport_schedule_id.Get@576d5deb]" started-at="2025-05-17T14:04:13 IST" name="validateGetBusDetailsResponse" finished-at="2025-05-17T14:04:15 IST" duration-ms="1590" status="PASS">
          <reporter-output>
          </reporter-output>
        </test-method> <!-- validateGetBusDetailsResponse -->
      </class> <!-- transport_schedule_id.Get -->
    </test> <!-- Default test -->
  </suite> <!-- Default suite -->
</testng-results>
